2023-11-10 15:39:30 admin Login
2023-11-10 15:39:35 admin LogOut
2023-11-10 15:48:52 admin LOGIN
2023-11-10 15:50:10 admin LOGIN
2023-11-10 15:50:44 admin LOGOUT
2023-11-10 15:51:32 xian LOGIN
2023-11-10 15:51:34 xian LOGOUT
2023-11-10 16:00:54 admin LOGIN
2023-11-10 16:32:40 admin LOGIN
2023-11-10 16:33:44 admin LOGIN
2023-11-10 16:34:07 admin LOGIN
2023-11-10 16:35:16 admin LOGIN
2023-11-10 16:52:35 admin LOGIN
2023-11-13 16:47:48 admin LOGIN
2023-11-13 16:48:05 admin LOGOUT
2023-11-13 16:48:11 dam LOGIN
2023-11-13 16:48:23 dam LOGOUT
2023-11-13 16:48:31 dam LOGIN
2023-11-13 16:48:38 admin LOGIN
2023-11-13 16:48:43 admin LOGOUT
2023-11-13 18:10:38 admin LOGIN
2023-11-13 18:10:51 admin LOGOUT
2023-11-13 18:12:04 admin LOGIN
2023-11-13 18:12:17 admin LOGOUT
2023-11-13 18:12:22 admin LOGIN
2023-11-13 18:12:46 admin LOGOUT
2023-11-13 18:12:54 test LOGIN
2023-11-13 18:12:57 test LOGOUT
2023-11-13 18:13:10 admin LOGIN
2023-11-13 18:13:17 admin LOGOUT
2023-11-13 18:13:55 xian LOGIN
